This file contains any messages produced by compilers while
running configure, to aid debugging if configure makes a mistake.

It was created by configure, which was
generated by GNU Autoconf 2.69.  Invocation command line was

  $ /data/build/build/arm-cortexm4f-eabi/src/gcc/configure --build=x86_64-build_pc-linux-gnu --host=x86_64-build_pc-linux-gnu --target=arm-cortexm4f-eabi --prefix=/usr/local/arm-none-eabi --exec_prefix=/usr/local/arm-none-eabi/newlib-nano --with-local-prefix=/usr/local/arm-none-eabi/arm-cortexm4f-eabi --with-headers=/usr/local/arm-none-eabi/arm-cortexm4f-eabi/include --with-headers=/usr/local/arm-none-eabi/newlib-nano/include --with-newlib --enable-threads=no --disable-shared --with-cpu=cortex-m4 --with-fpu=fpv4-sp-d16 --with-float=hard --enable-__cxa_atexit --enable-cxx-flags=-Os -fexceptions -fasynchronous-unwind-tables -ffunction-sections -fdata-sections -fsingle-precision-constant -flto -ffat-lto-objects --disable-libgomp --disable-libmudflap --disable-libmpx --disable-libquadmath --disable-libquadmath-support --with-gmp=/data/build/build/arm-cortexm4f-eabi/buildtools --with-mpfr=/data/build/build/arm-cortexm4f-eabi/buildtools --with-mpc=/data/build/build/arm-cortexm4f-eabi/buildtools --with-isl=/data/build/build/arm-cortexm4f-eabi/buildtools --enable-lto --enable-target-optspace --disable-libstdcxx-pch --enable-decimal-float=no --disable-nls --disable-multilib --enable-languages=c,c++ --with-mode=thumb --disable-libstdcxx-verbose

## --------- ##
## Platform. ##
## --------- ##

hostname = 3621c99b92e6
uname -m = x86_64
uname -r = 4.18.0-348.7.1.el8_5.x86_64
uname -s = Linux
uname -v = #1 SMP Wed Dec 8 21:51:17 EST 2021

/usr/bin/uname -p = x86_64
/bin/uname -X     = unknown

/bin/arch              = x86_64
/usr/bin/arch -k       = unknown
/usr/convex/getsysinfo = unknown
/usr/bin/hostinfo      = unknown
/bin/machine           = unknown
/usr/bin/oslevel       = unknown
/bin/universe          = unknown

PATH: /usr/local/arm-none-eabi/bin
PATH: /data/build/build/arm-cortexm4f-eabi/buildtools/bin
PATH: /data/build/build/tools/bin
PATH: /usr/local/sbin
PATH: /usr/local/bin
PATH: /usr/sbin
PATH: /usr/bin
PATH: /sbin
PATH: /bin


## ----------- ##
## Core tests. ##
## ----------- ##

configure:2358: checking build system type
configure:2372: result: x86_64-build_pc-linux-gnu
configure:2419: checking host system type
configure:2432: result: x86_64-build_pc-linux-gnu
configure:2452: checking target system type
configure:2465: result: arm-cortexm4f-eabi
configure:2519: checking for a BSD-compatible install
configure:2587: result: /data/build/build/tools/bin/install -c
configure:2598: checking whether ln works
configure:2620: result: yes
configure:2624: checking whether ln -s works
configure:2628: result: yes
configure:2635: checking for a sed that does not truncate output
configure:2699: result: /data/build/build/tools/bin/sed
configure:2708: checking for gawk
configure:2724: found /usr/bin/gawk
configure:2735: result: gawk
configure:3229: checking for libatomic support
configure:3235: result: no
configure:3267: checking for libitm support
configure:3273: result: no
configure:3286: checking for libsanitizer support
configure:3292: result: no
configure:3305: checking for libvtv support
configure:3311: result: no
configure:3325: checking for libhsail-rt support
configure:3331: result: no
configure:3458: checking for libphobos support
configure:3464: result: no
configure:4129: checking for x86_64-build_pc-linux-gnu-gcc
configure:4145: found /data/build/build/arm-cortexm4f-eabi/buildtools/bin/x86_64-build_pc-linux-gnu-gcc
configure:4156: result: x86_64-build_pc-linux-gnu-gcc
configure:4425: checking for C compiler version
configure:4434: x86_64-build_pc-linux-gnu-gcc --version >&5
gcc (GCC) 8.5.0 20210514 (Red Hat 8.5.0-4)
Copyright (C) 2018 Free Software Foundation, Inc.
This is free software; see the source for copying conditions.  There is NO
warranty; not even for MERCHANTABILITY or FITNESS FOR A PARTICULAR PURPOSE.

configure:4445: $? = 0
configure:4434: x86_64-build_pc-linux-gnu-gcc -v >&5
Using built-in specs.
COLLECT_GCC=/usr/bin/gcc
COLLECT_LTO_WRAPPER=/usr/libexec/gcc/x86_64-redhat-linux/8/lto-wrapper
OFFLOAD_TARGET_NAMES=nvptx-none
OFFLOAD_TARGET_DEFAULT=1
Target: x86_64-redhat-linux
Configured with: ../configure --enable-bootstrap --enable-languages=c,c++,fortran,lto --prefix=/usr --mandir=/usr/share/man --infodir=/usr/share/info --with-bugurl=http://bugzilla.redhat.com/bugzilla --enable-shared --enable-threads=posix --enable-checking=release --enable-multilib --with-system-zlib --enable-__cxa_atexit --disable-libunwind-exceptions --enable-gnu-unique-object --enable-linker-build-id --with-gcc-major-version-only --with-linker-hash-style=gnu --enable-plugin --enable-initfini-array --with-isl --disable-libmpx --enable-offload-targets=nvptx-none --without-cuda-driver --enable-gnu-indirect-function --enable-cet --with-tune=generic --with-arch_32=x86-64 --build=x86_64-redhat-linux
Thread model: posix
gcc version 8.5.0 20210514 (Red Hat 8.5.0-4) (GCC) 
configure:4445: $? = 0
configure:4434: x86_64-build_pc-linux-gnu-gcc -V >&5
gcc: error: unrecognized command line option '-V'
gcc: fatal error: no input files
compilation terminated.
configure:4445: $? = 1
configure:4434: x86_64-build_pc-linux-gnu-gcc -qversion >&5
gcc: error: unrecognized command line option '-qversion'; did you mean '--version'?
gcc: fatal error: no input files
compilation terminated.
configure:4445: $? = 1
configure:4465: checking whether the C compiler works
configure:4487: x86_64-build_pc-linux-gnu-gcc -O2 -g -pipe -I/data/build/build/arm-cortexm4f-eabi/buildtools/include    -L/data/build/build/arm-cortexm4f-eabi/buildtools/lib   -lstdc++ -lm conftest.c  >&5
configure:4491: $? = 0
configure:4539: result: yes
configure:4542: checking for C compiler default output file name
configure:4544: result: a.out
configure:4550: checking for suffix of executables
configure:4557: x86_64-build_pc-linux-gnu-gcc -o conftest -O2 -g -pipe -I/data/build/build/arm-cortexm4f-eabi/buildtools/include    -L/data/build/build/arm-cortexm4f-eabi/buildtools/lib   -lstdc++ -lm conftest.c  >&5
configure:4561: $? = 0
configure:4583: result: 
configure:4605: checking whether we are cross compiling
configure:4613: x86_64-build_pc-linux-gnu-gcc -o conftest -O2 -g -pipe -I/data/build/build/arm-cortexm4f-eabi/buildtools/include    -L/data/build/build/arm-cortexm4f-eabi/buildtools/lib   -lstdc++ -lm conftest.c  >&5
configure:4617: $? = 0
configure:4624: ./conftest
configure:4628: $? = 0
configure:4643: result: no
configure:4648: checking for suffix of object files
configure:4670: x86_64-build_pc-linux-gnu-gcc -c -O2 -g -pipe -I/data/build/build/arm-cortexm4f-eabi/buildtools/include    conftest.c >&5
configure:4674: $? = 0
configure:4695: result: o
configure:4699: checking whether we are using the GNU C compiler
configure:4718: x86_64-build_pc-linux-gnu-gcc -c -O2 -g -pipe -I/data/build/build/arm-cortexm4f-eabi/buildtools/include    conftest.c >&5
configure:4718: $? = 0
configure:4727: result: yes
configure:4736: checking whether x86_64-build_pc-linux-gnu-gcc accepts -g
configure:4756: x86_64-build_pc-linux-gnu-gcc -c -g  conftest.c >&5
configure:4756: $? = 0
configure:4797: result: yes
configure:4814: checking for x86_64-build_pc-linux-gnu-gcc option to accept ISO C89
configure:4877: x86_64-build_pc-linux-gnu-gcc  -c -O2 -g -pipe -I/data/build/build/arm-cortexm4f-eabi/buildtools/include    conftest.c >&5
configure:4877: $? = 0
configure:4890: result: none needed
configure:4924: checking for x86_64-build_pc-linux-gnu-g++
configure:4940: found /data/build/build/arm-cortexm4f-eabi/buildtools/bin/x86_64-build_pc-linux-gnu-g++
configure:4951: result: x86_64-build_pc-linux-gnu-g++
configure:5022: checking for C++ compiler version
configure:5031: x86_64-build_pc-linux-gnu-g++ --version >&5
g++ (GCC) 8.5.0 20210514 (Red Hat 8.5.0-4)
Copyright (C) 2018 Free Software Foundation, Inc.
This is free software; see the source for copying conditions.  There is NO
warranty; not even for MERCHANTABILITY or FITNESS FOR A PARTICULAR PURPOSE.

configure:5042: $? = 0
configure:5031: x86_64-build_pc-linux-gnu-g++ -v >&5
Using built-in specs.
COLLECT_GCC=/usr/bin/g++
COLLECT_LTO_WRAPPER=/usr/libexec/gcc/x86_64-redhat-linux/8/lto-wrapper
OFFLOAD_TARGET_NAMES=nvptx-none
OFFLOAD_TARGET_DEFAULT=1
Target: x86_64-redhat-linux
Configured with: ../configure --enable-bootstrap --enable-languages=c,c++,fortran,lto --prefix=/usr --mandir=/usr/share/man --infodir=/usr/share/info --with-bugurl=http://bugzilla.redhat.com/bugzilla --enable-shared --enable-threads=posix --enable-checking=release --enable-multilib --with-system-zlib --enable-__cxa_atexit --disable-libunwind-exceptions --enable-gnu-unique-object --enable-linker-build-id --with-gcc-major-version-only --with-linker-hash-style=gnu --enable-plugin --enable-initfini-array --with-isl --disable-libmpx --enable-offload-targets=nvptx-none --without-cuda-driver --enable-gnu-indirect-function --enable-cet --with-tune=generic --with-arch_32=x86-64 --build=x86_64-redhat-linux
Thread model: posix
gcc version 8.5.0 20210514 (Red Hat 8.5.0-4) (GCC) 
configure:5042: $? = 0
configure:5031: x86_64-build_pc-linux-gnu-g++ -V >&5
g++: error: unrecognized command line option '-V'
g++: fatal error: no input files
compilation terminated.
configure:5042: $? = 1
configure:5031: x86_64-build_pc-linux-gnu-g++ -qversion >&5
g++: error: unrecognized command line option '-qversion'; did you mean '--version'?
g++: fatal error: no input files
compilation terminated.
configure:5042: $? = 1
configure:5046: checking whether we are using the GNU C++ compiler
configure:5065: x86_64-build_pc-linux-gnu-g++ -c -O2 -g -pipe -I/data/build/build/arm-cortexm4f-eabi/buildtools/include     conftest.cpp >&5
configure:5065: $? = 0
configure:5074: result: yes
configure:5083: checking whether x86_64-build_pc-linux-gnu-g++ accepts -g
configure:5103: x86_64-build_pc-linux-gnu-g++ -c -g  conftest.cpp >&5
configure:5103: $? = 0
configure:5144: result: yes
configure:5193: checking whether g++ accepts -static-libstdc++ -static-libgcc
configure:5210: x86_64-build_pc-linux-gnu-g++ -o conftest -O2 -g -pipe -I/data/build/build/arm-cortexm4f-eabi/buildtools/include     -L/data/build/build/arm-cortexm4f-eabi/buildtools/lib   -lstdc++ -lm -static-libstdc++ -static-libgcc conftest.cpp  >&5
configure:5210: $? = 0
configure:5211: result: yes
configure:5235: checking for x86_64-build_pc-linux-gnu-gnatbind
configure:5265: result: no
configure:5275: checking for gnatbind
configure:5305: result: no
configure:5327: checking for x86_64-build_pc-linux-gnu-gnatmake
configure:5357: result: no
configure:5367: checking for gnatmake
configure:5397: result: no
configure:5416: checking whether compiler driver understands Ada
configure:5439: result: no
configure:5448: checking how to compare bootstrapped objects
configure:5473: result: cmp --ignore-initial=16 $$f1 $$f2
configure:5540: checking whether x86_64-build_pc-linux-gnu-g++ supports C++11 features by default
configure:5836: x86_64-build_pc-linux-gnu-g++ -c -O2 -g -pipe -I/data/build/build/arm-cortexm4f-eabi/buildtools/include     conftest.cpp >&5
configure:5836: $? = 0
configure:5843: result: yes
configure:7532: checking for objdir
configure:7547: result: .libs
configure:7718: checking for the correct version of gmp.h
configure:7738: x86_64-build_pc-linux-gnu-gcc -c -O2 -g -pipe -I/data/build/build/arm-cortexm4f-eabi/buildtools/include   -I/data/build/build/arm-cortexm4f-eabi/buildtools/include -I/data/build/build/arm-cortexm4f-eabi/buildtools/include -I/data/build/build/arm-cortexm4f-eabi/buildtools/include   conftest.c >&5
configure:7738: $? = 0
configure:7756: x86_64-build_pc-linux-gnu-gcc -c -O2 -g -pipe -I/data/build/build/arm-cortexm4f-eabi/buildtools/include   -I/data/build/build/arm-cortexm4f-eabi/buildtools/include -I/data/build/build/arm-cortexm4f-eabi/buildtools/include -I/data/build/build/arm-cortexm4f-eabi/buildtools/include   conftest.c >&5
configure:7756: $? = 0
configure:7757: result: yes
configure:7773: checking for the correct version of mpfr.h
configure:7791: x86_64-build_pc-linux-gnu-gcc -c -O2 -g -pipe -I/data/build/build/arm-cortexm4f-eabi/buildtools/include   -I/data/build/build/arm-cortexm4f-eabi/buildtools/include -I/data/build/build/arm-cortexm4f-eabi/buildtools/include -I/data/build/build/arm-cortexm4f-eabi/buildtools/include   conftest.c >&5
configure:7791: $? = 0
configure:7808: x86_64-build_pc-linux-gnu-gcc -c -O2 -g -pipe -I/data/build/build/arm-cortexm4f-eabi/buildtools/include   -I/data/build/build/arm-cortexm4f-eabi/buildtools/include -I/data/build/build/arm-cortexm4f-eabi/buildtools/include -I/data/build/build/arm-cortexm4f-eabi/buildtools/include   conftest.c >&5
configure:7808: $? = 0
configure:7809: result: yes
configure:7826: checking for the correct version of mpc.h
configure:7843: x86_64-build_pc-linux-gnu-gcc -c -O2 -g -pipe -I/data/build/build/arm-cortexm4f-eabi/buildtools/include   -I/data/build/build/arm-cortexm4f-eabi/buildtools/include -I/data/build/build/arm-cortexm4f-eabi/buildtools/include -I/data/build/build/arm-cortexm4f-eabi/buildtools/include   conftest.c >&5
configure:7843: $? = 0
configure:7859: x86_64-build_pc-linux-gnu-gcc -c -O2 -g -pipe -I/data/build/build/arm-cortexm4f-eabi/buildtools/include   -I/data/build/build/arm-cortexm4f-eabi/buildtools/include -I/data/build/build/arm-cortexm4f-eabi/buildtools/include -I/data/build/build/arm-cortexm4f-eabi/buildtools/include   conftest.c >&5
configure:7859: $? = 0
configure:7860: result: yes
configure:7878: checking for the correct version of the gmp/mpfr/mpc libraries
configure:7909: x86_64-build_pc-linux-gnu-gcc -o conftest -O2 -g -pipe -I/data/build/build/arm-cortexm4f-eabi/buildtools/include   -I/data/build/build/arm-cortexm4f-eabi/buildtools/include -I/data/build/build/arm-cortexm4f-eabi/buildtools/include -I/data/build/build/arm-cortexm4f-eabi/buildtools/include   -L/data/build/build/arm-cortexm4f-eabi/buildtools/lib   -lstdc++ -lm conftest.c  -L/data/build/build/arm-cortexm4f-eabi/buildtools/lib -L/data/build/build/arm-cortexm4f-eabi/buildtools/lib -L/data/build/build/arm-cortexm4f-eabi/buildtools/lib -lmpc -lmpfr -lgmp >&5
configure:7909: $? = 0
configure:7910: result: yes
configure:8113: checking for isl 0.15 or later
configure:8126: x86_64-build_pc-linux-gnu-gcc -o conftest -O2 -g -pipe -I/data/build/build/arm-cortexm4f-eabi/buildtools/include   -I/data/build/build/arm-cortexm4f-eabi/buildtools/include -I/data/build/build/arm-cortexm4f-eabi/buildtools/include -I/data/build/build/arm-cortexm4f-eabi/buildtools/include -I/data/build/build/arm-cortexm4f-eabi/buildtools/include   -L/data/build/build/arm-cortexm4f-eabi/buildtools/lib   -lstdc++ -lm -L/data/build/build/arm-cortexm4f-eabi/buildtools/lib -lisl -L/data/build/build/arm-cortexm4f-eabi/buildtools/lib -L/data/build/build/arm-cortexm4f-eabi/buildtools/lib -L/data/build/build/arm-cortexm4f-eabi/buildtools/lib -lmpc -lmpfr -lgmp conftest.c  -lisl -lgmp >&5
configure:8126: $? = 0
configure:8133: result: yes
